# JRE version: Java(TM) SE Runtime Environment (8.0_191-b12) (build 1.8.0_191-b12)
# Java VM: Java HotSpot(TM) 64-Bit Server VM (25.191-b12 mixed mode windows-amd64 compressed oops)
Heap:
 PSYoungGen      total 457728K, used 173900K [0x00000000d5d00000, 0x00000000f6200000, 0x0000000100000000)
  eden space 457216K, 38% used [0x00000000d5d00000,0x00000000e06bb128,0x00000000f1b80000)
  from space 512K, 18% used [0x00000000f6180000,0x00000000f6198000,0x00000000f6200000)
  to   space 2560K, 0% used [0x00000000f5d00000,0x00000000f5d00000,0x00000000f5f80000)
 ParOldGen       total 87552K, used 31474K [0x0000000081600000, 0x0000000086b80000, 0x00000000d5d00000)
  object space 87552K, 35% used [0x0000000081600000,0x00000000834bcbe0,0x0000000086b80000)
 Metaspace       used 15108K, capacity 15732K, committed 15744K, reserved 1062912K
  class space    used 2008K, capacity 2173K, committed 2176K, reserved 1048576K
GC Heap History (10 events):
Event: 13.061 GC heap before
{Heap before GC invocations=44 (full 0):
 PSYoungGen      total 459776K, used 457344K [0x00000000d5d00000, 0x00000000f6200000, 0x0000000100000000)
  eden space 457216K, 100% used [0x00000000d5d00000,0x00000000f1b80000,0x00000000f1b80000)
  from space 2560K, 5% used [0x00000000f5d00000,0x00000000f5d20000,0x00000000f5f80000)
  to   space 512K, 0% used [0x00000000f6180000,0x00000000f6180000,0x00000000f6200000)
 ParOldGen       total 87552K, used 31100K [0x0000000081600000, 0x0000000086b80000, 0x00000000d5d00000)
  object space 87552K, 35% used [0x0000000081600000,0x000000008345f270,0x0000000086b80000)
 Metaspace       used 15102K, capacity 15732K, committed 15744K, reserved 1062912K
  class space    used 2008K, capacity 2173K, committed 2176K, reserved 1048576K
Event: 13.062 GC heap after
Heap after GC invocations=44 (full 0):
 PSYoungGen      total 457728K, used 64K [0x00000000d5d00000, 0x00000000f6200000, 0x0000000100000000)
  eden space 457216K, 0% used [0x00000000d5d00000,0x00000000d5d00000,0x00000000f1b80000)
  from space 512K, 12% used [0x00000000f6180000,0x00000000f6190000,0x00000000f6200000)
  to   space 2560K, 0% used [0x00000000f5d00000,0x00000000f5d00000,0x00000000f5f80000)
 ParOldGen       total 87552K, used 31108K [0x0000000081600000, 0x0000000086b80000, 0x00000000d5d00000)
  object space 87552K, 35% used [0x0000000081600000,0x0000000083461270,0x0000000086b80000)
 Metaspace       used 15102K, capacity 15732K, committed 15744K, reserved 1062912K
  class space    used 2008K, capacity 2173K, committed 2176K, reserved 1048576K
}
Event: 13.115 GC heap before
{Heap before GC invocations=45 (full 0):
 PSYoungGen      total 457728K, used 457280K [0x00000000d5d00000, 0x00000000f6200000, 0x0000000100000000)
  eden space 457216K, 100% used [0x00000000d5d00000,0x00000000f1b80000,0x00000000f1b80000)
  from space 512K, 12% used [0x00000000f6180000,0x00000000f6190000,0x00000000f6200000)
  to   space 2560K, 0% used [0x00000000f5d00000,0x00000000f5d00000,0x00000000f5f80000)
 ParOldGen       total 87552K, used 31108K [0x0000000081600000, 0x0000000086b80000, 0x00000000d5d00000)
  object space 87552K, 35% used [0x0000000081600000,0x0000000083461270,0x0000000086b80000)
 Metaspace       used 15102K, capacity 15732K, committed 15744K, reserved 1062912K
  class space    used 2008K, capacity 2173K, committed 2176K, reserved 1048576K
Event: 13.116 GC heap after
Heap after GC invocations=45 (full 0):
 PSYoungGen      total 459776K, used 128K [0x00000000d5d00000, 0x00000000f6200000, 0x0000000100000000)
  eden space 457216K, 0% used [0x00000000d5d00000,0x00000000d5d00000,0x00000000f1b80000)
  from space 2560K, 5% used [0x00000000f5d00000,0x00000000f5d20000,0x00000000f5f80000)
  to   space 512K, 0% used [0x00000000f6180000,0x00000000f6180000,0x00000000f6200000)
 ParOldGen       total 87552K, used 31108K [0x0000000081600000, 0x0000000086b80000, 0x00000000d5d00000)
  object space 87552K, 35% used [0x0000000081600000,0x0000000083461270,0x0000000086b80000)
 Metaspace       used 15102K, capacity 15732K, committed 15744K, reserved 1062912K
  class space    used 2008K, capacity 2173K, committed 2176K, reserved 1048576K
}
Event: 13.168 GC heap before
{Heap before GC invocations=46 (full 0):
 PSYoungGen      total 459776K, used 457344K [0x00000000d5d00000, 0x00000000f6200000, 0x0000000100000000)
  eden space 457216K, 100% used [0x00000000d5d00000,0x00000000f1b80000,0x00000000f1b80000)
  from space 2560K, 5% used [0x00000000f5d00000,0x00000000f5d20000,0x00000000f5f80000)
  to   space 512K, 0% used [0x00000000f6180000,0x00000000f6180000,0x00000000f6200000)
 ParOldGen       total 87552K, used 31108K [0x0000000081600000, 0x0000000086b80000, 0x00000000d5d00000)
  object space 87552K, 35% used [0x0000000081600000,0x0000000083461270,0x0000000086b80000)
 Metaspace       used 15102K, capacity 15732K, committed 15744K, reserved 1062912K
  class space    used 2008K, capacity 2173K, committed 2176K, reserved 1048576K
Event: 13.169 GC heap after
Heap after GC invocations=46 (full 0):
 PSYoungGen      total 457728K, used 128K [0x00000000d5d00000, 0x00000000f6200000, 0x0000000100000000)
  eden space 457216K, 0% used [0x00000000d5d00000,0x00000000d5d00000,0x00000000f1b80000)
  from space 512K, 25% used [0x00000000f6180000,0x00000000f61a0000,0x00000000f6200000)
  to   space 2560K, 0% used [0x00000000f5d00000,0x00000000f5d00000,0x00000000f5f80000)
 ParOldGen       total 87552K, used 31116K [0x0000000081600000, 0x0000000086b80000, 0x00000000d5d00000)
  object space 87552K, 35% used [0x0000000081600000,0x0000000083463270,0x0000000086b80000)
 Metaspace       used 15102K, capacity 15732K, committed 15744K, reserved 1062912K
  class space    used 2008K, capacity 2173K, committed 2176K, reserved 1048576K
}
Event: 13.297 GC heap before
{Heap before GC invocations=47 (full 0):
 PSYoungGen      total 457728K, used 457344K [0x00000000d5d00000, 0x00000000f6200000, 0x0000000100000000)
  eden space 457216K, 100% used [0x00000000d5d00000,0x00000000f1b80000,0x00000000f1b80000)
  from space 512K, 25% used [0x00000000f6180000,0x00000000f61a0000,0x00000000f6200000)
  to   space 2560K, 0% used [0x00000000f5d00000,0x00000000f5d00000,0x00000000f5f80000)
 ParOldGen       total 87552K, used 31116K [0x0000000081600000, 0x0000000086b80000, 0x00000000d5d00000)
  object space 87552K, 35% used [0x0000000081600000,0x0000000083463270,0x0000000086b80000)
 Metaspace       used 15106K, capacity 15732K, committed 15744K, reserved 1062912K
  class space    used 2008K, capacity 2173K, committed 2176K, reserved 1048576K
Event: 13.298 GC heap after
Heap after GC invocations=47 (full 0):
 PSYoungGen      total 459776K, used 462K [0x00000000d5d00000, 0x00000000f6200000, 0x0000000100000000)
  eden space 457216K, 0% used [0x00000000d5d00000,0x00000000d5d00000,0x00000000f1b80000)
  from space 2560K, 18% used [0x00000000f5d00000,0x00000000f5d73970,0x00000000f5f80000)
  to   space 512K, 0% used [0x00000000f6180000,0x00000000f6180000,0x00000000f6200000)
 ParOldGen       total 87552K, used 31124K [0x0000000081600000, 0x0000000086b80000, 0x00000000d5d00000)
  object space 87552K, 35% used [0x0000000081600000,0x0000000083465270,0x0000000086b80000)
 Metaspace       used 15106K, capacity 15732K, committed 15744K, reserved 1062912K
  class space    used 2008K, capacity 2173K, committed 2176K, reserved 1048576K
}
Event: 13.414 GC heap before
{Heap before GC invocations=48 (full 0):
 PSYoungGen      total 459776K, used 457678K [0x00000000d5d00000, 0x00000000f6200000, 0x0000000100000000)
  eden space 457216K, 100% used [0x00000000d5d00000,0x00000000f1b80000,0x00000000f1b80000)
  from space 2560K, 18% used [0x00000000f5d00000,0x00000000f5d73970,0x00000000f5f80000)
  to   space 512K, 0% used [0x00000000f6180000,0x00000000f6180000,0x00000000f6200000)
 ParOldGen       total 87552K, used 31124K [0x0000000081600000, 0x0000000086b80000, 0x00000000d5d00000)
  object space 87552K, 35% used [0x0000000081600000,0x0000000083465270,0x0000000086b80000)
 Metaspace       used 15107K, capacity 15732K, committed 15744K, reserved 1062912K
  class space    used 2008K, capacity 2173K, committed 2176K, reserved 1048576K
Event: 13.416 GC heap after
Heap after GC invocations=48 (full 0):
 PSYoungGen      total 457728K, used 96K [0x00000000d5d00000, 0x00000000f6200000, 0x0000000100000000)
  eden space 457216K, 0% used [0x00000000d5d00000,0x00000000d5d00000,0x00000000f1b80000)
  from space 512K, 18% used [0x00000000f6180000,0x00000000f6198000,0x00000000f6200000)
  to   space 2560K, 0% used [0x00000000f5d00000,0x00000000f5d00000,0x00000000f5f80000)
 ParOldGen       total 87552K, used 31474K [0x0000000081600000, 0x0000000086b80000, 0x00000000d5d00000)
  object space 87552K, 35% used [0x0000000081600000,0x00000000834bcbe0,0x0000000086b80000)
 Metaspace       used 15107K, capacity 15732K, committed 15744K, reserved 1062912K
  class space    used 2008K, capacity 2173K, committed 2176K, reserved 1048576K
}

